<?xml version="1.0" encoding="UTF-8"?>
<testsuite xmlns:xsi="http://www.w3.org/2001/XMLSchema-instance" xsi:noNamespaceSchemaLocation="https://maven.apache.org/surefire/maven-surefire-plugin/xsd/surefire-test-report.xsd" name="com.java.asset.test.AssetReservationTest" time="0.202" tests="5" errors="3" skipped="0" failures="0">
  <properties>
[...]
</properties>
  <testcase name="testReserveAssetSuccessfully" classname="com.java.asset.test.AssetReservationTest" time="0.024">
    <error message="Asset not found with ID: 0" type="com.java.asset.MyExceptions.AssetNotFoundException">com.java.asset.MyExceptions.AssetNotFoundException: Asset not found with ID: 0
	at com.java.asset.test.AssetReservationTest.testReserveAssetSuccessfully(AssetReservationTest.java:93)
</error>
    <system-out><![CDATA[Database Connected Successfully
Database Connected Successfully
Database Connected Successfully
]]></system-out>
    <system-err><![CDATA[java.sql.SQLException: Data truncated for column 'status' at row 1
	at com.mysql.cj.jdbc.exceptions.SQLError.createSQLException(SQLError.java:129)
	at com.mysql.cj.jdbc.exceptions.SQLExceptionsMapping.translateException(SQLExceptionsMapping.java:122)
	at com.mysql.cj.jdbc.ClientPreparedStatement.executeInternal(ClientPreparedStatement.java:916)
	at com.mysql.cj.jdbc.ClientPreparedStatement.executeUpdateInternal(ClientPreparedStatement.java:1061)
	at com.mysql.cj.jdbc.ClientPreparedStatement.executeUpdateInternal(ClientPreparedStatement.java:1009)
	at com.mysql.cj.jdbc.ClientPreparedStatement.executeLargeUpdate(ClientPreparedStatement.java:1320)
	at com.mysql.cj.jdbc.ClientPreparedStatement.executeUpdate(ClientPreparedStatement.java:994)
	at com.java.asset.dao.AssetManagementServiceImpl.addAsset(AssetManagementServiceImpl.java:32)
	at com.java.asset.test.AssetReservationTest.setUpBeforeClass(AssetReservationTest.java:42)
	at java.base/jdk.internal.reflect.DirectMethodHandleAccessor.invoke(DirectMethodHandleAccessor.java:103)
	at java.base/java.lang.reflect.Method.invoke(Method.java:580)
	at org.junit.runners.model.FrameworkMethod$1.runReflectiveCall(FrameworkMethod.java:47)
	at org.junit.internal.runners.model.ReflectiveCallable.run(ReflectiveCallable.java:12)
	at org.junit.runners.model.FrameworkMethod.invokeExplosively(FrameworkMethod.java:44)
	at org.junit.internal.runners.statements.RunBefores.evaluate(RunBefores.java:24)
	at org.junit.internal.runners.statements.RunAfters.evaluate(RunAfters.java:27)
	at org.junit.runners.ParentRunner.run(ParentRunner.java:309)
	at org.apache.maven.surefire.junit4.JUnit4Provider.execute(JUnit4Provider.java:365)
	at org.apache.maven.surefire.junit4.JUnit4Provider.executeWithRerun(JUnit4Provider.java:273)
	at org.apache.maven.surefire.junit4.JUnit4Provider.executeTestSet(JUnit4Provider.java:238)
	at org.apache.maven.surefire.junit4.JUnit4Provider.invoke(JUnit4Provider.java:159)
	at org.apache.maven.surefire.booter.ForkedBooter.invokeProviderInSameClassLoader(ForkedBooter.java:384)
	at org.apache.maven.surefire.booter.ForkedBooter.runSuitesInProcess(ForkedBooter.java:345)
	at org.apache.maven.surefire.booter.ForkedBooter.execute(ForkedBooter.java:126)
	at org.apache.maven.surefire.booter.ForkedBooter.main(ForkedBooter.java:418)
]]></system-err>
  </testcase>
  <testcase name="testWithdrawNonExistentReservation" classname="com.java.asset.test.AssetReservationTest" time="0.015"/>
  <testcase name="testReserveAssetWithInvalidAssetId" classname="com.java.asset.test.AssetReservationTest" time="0.019"/>
  <testcase name="testGetAssetReservations" classname="com.java.asset.test.AssetReservationTest" time="0.021">
    <error message="Asset not found with ID: 0" type="com.java.asset.MyExceptions.AssetNotFoundException">com.java.asset.MyExceptions.AssetNotFoundException: Asset not found with ID: 0
	at com.java.asset.test.AssetReservationTest.testGetAssetReservations(AssetReservationTest.java:170)
</error>
    <system-out><![CDATA[Database Connected Successfully
]]></system-out>
  </testcase>
  <testcase name="testWithdrawReservationSuccessfully" classname="com.java.asset.test.AssetReservationTest" time="0.022">
    <error message="Asset not found with ID: 0" type="com.java.asset.MyExceptions.AssetNotFoundException">com.java.asset.MyExceptions.AssetNotFoundException: Asset not found with ID: 0
	at com.java.asset.test.AssetReservationTest.testWithdrawReservationSuccessfully(AssetReservationTest.java:127)
</error>
    <system-out><![CDATA[Database Connected Successfully
]]></system-out>
  </testcase>
</testsuite>